# JRE version: OpenJDK Runtime Environment (Zulu 8.68.0.21-CA-win64) (8.0_362-b09) (build 1.8.0_362-b09)
# Java VM: OpenJDK 64-Bit Server VM (25.362-b09 mixed mode windows-amd64 compressed oops)
Heap:
 PSYoungGen      total 44032K, used 8967K [0x00000000d5580000, 0x00000000d9180000, 0x0000000100000000)
  eden space 35840K, 9% used [0x00000000d5580000,0x00000000d58ff638,0x00000000d7880000)
  from space 8192K, 65% used [0x00000000d7880000,0x00000000d7dc2768,0x00000000d8080000)
  to   space 8192K, 0% used [0x00000000d8980000,0x00000000d8980000,0x00000000d9180000)
 ParOldGen       total 60928K, used 9252K [0x0000000080000000, 0x0000000083b80000, 0x00000000d5580000)
  object space 60928K, 15% used [0x0000000080000000,0x0000000080909320,0x0000000083b80000)
 Metaspace       used 23867K, capacity 24260K, committed 24576K, reserved 1071104K
  class space    used 2664K, capacity 2797K, committed 2816K, reserved 1048576K
GC Heap History (10 events):
Event: 6.948 GC heap before
{Heap before GC invocations=12 (full 1):
 PSYoungGen      total 36352K, used 29642K [0x00000000d5580000, 0x00000000d8980000, 0x0000000100000000)
  eden space 28160K, 100% used [0x00000000d5580000,0x00000000d7100000,0x00000000d7100000)
  from space 8192K, 18% used [0x00000000d7980000,0x00000000d7af29f8,0x00000000d8180000)
  to   space 8704K, 0% used [0x00000000d7100000,0x00000000d7100000,0x00000000d7980000)
 ParOldGen       total 60928K, used 8372K [0x0000000080000000, 0x0000000083b80000, 0x00000000d5580000)
  object space 60928K, 13% used [0x0000000080000000,0x000000008082d2e0,0x0000000083b80000)
 Metaspace       used 22636K, capacity 23042K, committed 23424K, reserved 1071104K
  class space    used 2505K, capacity 2650K, committed 2688K, reserved 1048576K
Event: 6.952 GC heap after
Heap after GC invocations=12 (full 1):
 PSYoungGen      total 36864K, used 2388K [0x00000000d5580000, 0x00000000d8880000, 0x0000000100000000)
  eden space 28160K, 0% used [0x00000000d5580000,0x00000000d5580000,0x00000000d7100000)
  from space 8704K, 27% used [0x00000000d7100000,0x00000000d7355120,0x00000000d7980000)
  to   space 8192K, 0% used [0x00000000d8080000,0x00000000d8080000,0x00000000d8880000)
 ParOldGen       total 60928K, used 8380K [0x0000000080000000, 0x0000000083b80000, 0x00000000d5580000)
  object space 60928K, 13% used [0x0000000080000000,0x000000008082f2e0,0x0000000083b80000)
 Metaspace       used 22636K, capacity 23042K, committed 23424K, reserved 1071104K
  class space    used 2505K, capacity 2650K, committed 2688K, reserved 1048576K
}
Event: 7.197 GC heap before
{Heap before GC invocations=13 (full 1):
 PSYoungGen      total 36864K, used 30548K [0x00000000d5580000, 0x00000000d8880000, 0x0000000100000000)
  eden space 28160K, 100% used [0x00000000d5580000,0x00000000d7100000,0x00000000d7100000)
  from space 8704K, 27% used [0x00000000d7100000,0x00000000d7355120,0x00000000d7980000)
  to   space 8192K, 0% used [0x00000000d8080000,0x00000000d8080000,0x00000000d8880000)
 ParOldGen       total 60928K, used 8380K [0x0000000080000000, 0x0000000083b80000, 0x00000000d5580000)
  object space 60928K, 13% used [0x0000000080000000,0x000000008082f2e0,0x0000000083b80000)
 Metaspace       used 22688K, capacity 23042K, committed 23424K, reserved 1071104K
  class space    used 2509K, capacity 2650K, committed 2688K, reserved 1048576K
Event: 7.200 GC heap after
Heap after GC invocations=13 (full 1):
 PSYoungGen      total 44032K, used 2304K [0x00000000d5580000, 0x00000000d8880000, 0x0000000100000000)
  eden space 35840K, 0% used [0x00000000d5580000,0x00000000d5580000,0x00000000d7880000)
  from space 8192K, 28% used [0x00000000d8080000,0x00000000d82c0000,0x00000000d8880000)
  to   space 8192K, 0% used [0x00000000d7880000,0x00000000d7880000,0x00000000d8080000)
 ParOldGen       total 60928K, used 8380K [0x0000000080000000, 0x0000000083b80000, 0x00000000d5580000)
  object space 60928K, 13% used [0x0000000080000000,0x000000008082f2e0,0x0000000083b80000)
 Metaspace       used 22688K, capacity 23042K, committed 23424K, reserved 1071104K
  class space    used 2509K, capacity 2650K, committed 2688K, reserved 1048576K
}
Event: 7.507 GC heap before
{Heap before GC invocations=14 (full 1):
 PSYoungGen      total 44032K, used 38144K [0x00000000d5580000, 0x00000000d8880000, 0x0000000100000000)
  eden space 35840K, 100% used [0x00000000d5580000,0x00000000d7880000,0x00000000d7880000)
  from space 8192K, 28% used [0x00000000d8080000,0x00000000d82c0000,0x00000000d8880000)
  to   space 8192K, 0% used [0x00000000d7880000,0x00000000d7880000,0x00000000d8080000)
 ParOldGen       total 60928K, used 8380K [0x0000000080000000, 0x0000000083b80000, 0x00000000d5580000)
  object space 60928K, 13% used [0x0000000080000000,0x000000008082f2e0,0x0000000083b80000)
 Metaspace       used 22869K, capacity 23234K, committed 23424K, reserved 1071104K
  class space    used 2512K, capacity 2650K, committed 2688K, reserved 1048576K
Event: 7.509 GC heap after
Heap after GC invocations=14 (full 1):
 PSYoungGen      total 44032K, used 2433K [0x00000000d5580000, 0x00000000d9180000, 0x0000000100000000)
  eden space 35840K, 0% used [0x00000000d5580000,0x00000000d5580000,0x00000000d7880000)
  from space 8192K, 29% used [0x00000000d7880000,0x00000000d7ae05d0,0x00000000d8080000)
  to   space 8192K, 0% used [0x00000000d8980000,0x00000000d8980000,0x00000000d9180000)
 ParOldGen       total 60928K, used 8380K [0x0000000080000000, 0x0000000083b80000, 0x00000000d5580000)
  object space 60928K, 13% used [0x0000000080000000,0x000000008082f2e0,0x0000000083b80000)
 Metaspace       used 22869K, capacity 23234K, committed 23424K, reserved 1071104K
  class space    used 2512K, capacity 2650K, committed 2688K, reserved 1048576K
}
Event: 7.763 GC heap before
{Heap before GC invocations=15 (full 1):
 PSYoungGen      total 44032K, used 38273K [0x00000000d5580000, 0x00000000d9180000, 0x0000000100000000)
  eden space 35840K, 100% used [0x00000000d5580000,0x00000000d7880000,0x00000000d7880000)
  from space 8192K, 29% used [0x00000000d7880000,0x00000000d7ae05d0,0x00000000d8080000)
  to   space 8192K, 0% used [0x00000000d8980000,0x00000000d8980000,0x00000000d9180000)
 ParOldGen       total 60928K, used 8380K [0x0000000080000000, 0x0000000083b80000, 0x00000000d5580000)
  object space 60928K, 13% used [0x0000000080000000,0x000000008082f2e0,0x0000000083b80000)
 Metaspace       used 22986K, capacity 23298K, committed 23680K, reserved 1071104K
  class space    used 2525K, capacity 2650K, committed 2688K, reserved 1048576K
Event: 7.771 GC heap after
Heap after GC invocations=15 (full 1):
 PSYoungGen      total 44032K, used 4224K [0x00000000d5580000, 0x00000000d9180000, 0x0000000100000000)
  eden space 35840K, 0% used [0x00000000d5580000,0x00000000d5580000,0x00000000d7880000)
  from space 8192K, 51% used [0x00000000d8980000,0x00000000d8da0000,0x00000000d9180000)
  to   space 8192K, 0% used [0x00000000d7880000,0x00000000d7880000,0x00000000d8080000)
 ParOldGen       total 60928K, used 8380K [0x0000000080000000, 0x0000000083b80000, 0x00000000d5580000)
  object space 60928K, 13% used [0x0000000080000000,0x000000008082f2e0,0x0000000083b80000)
 Metaspace       used 22986K, capacity 23298K, committed 23680K, reserved 1071104K
  class space    used 2525K, capacity 2650K, committed 2688K, reserved 1048576K
}
Event: 8.204 GC heap before
{Heap before GC invocations=16 (full 1):
 PSYoungGen      total 44032K, used 40064K [0x00000000d5580000, 0x00000000d9180000, 0x0000000100000000)
  eden space 35840K, 100% used [0x00000000d5580000,0x00000000d7880000,0x00000000d7880000)
  from space 8192K, 51% used [0x00000000d8980000,0x00000000d8da0000,0x00000000d9180000)
  to   space 8192K, 0% used [0x00000000d7880000,0x00000000d7880000,0x00000000d8080000)
 ParOldGen       total 60928K, used 8380K [0x0000000080000000, 0x0000000083b80000, 0x00000000d5580000)
  object space 60928K, 13% used [0x0000000080000000,0x000000008082f2e0,0x0000000083b80000)
 Metaspace       used 23697K, capacity 24118K, committed 24320K, reserved 1071104K
  class space    used 2634K, capacity 2793K, committed 2816K, reserved 1048576K
Event: 8.209 GC heap after
Heap after GC invocations=16 (full 1):
 PSYoungGen      total 44032K, used 5385K [0x00000000d5580000, 0x00000000d9180000, 0x0000000100000000)
  eden space 35840K, 0% used [0x00000000d5580000,0x00000000d5580000,0x00000000d7880000)
  from space 8192K, 65% used [0x00000000d7880000,0x00000000d7dc2768,0x00000000d8080000)
  to   space 8192K, 0% used [0x00000000d8980000,0x00000000d8980000,0x00000000d9180000)
 ParOldGen       total 60928K, used 9252K [0x0000000080000000, 0x0000000083b80000, 0x00000000d5580000)
  object space 60928K, 15% used [0x0000000080000000,0x0000000080909320,0x0000000083b80000)
 Metaspace       used 23697K, capacity 24118K, committed 24320K, reserved 1071104K
  class space    used 2634K, capacity 2793K, committed 2816K, reserved 1048576K
}

